<?xml version="1.0" encoding="UTF-8"?>
<!-- Generated by org.testng.reporters.JUnitReportReporter -->
<testsuite skipped="0" hostname="LH7U05CG6422Q5G" name="scenario1.LoginPage" tests="1" failures="0" timestamp="26 Feb 2019 13:00:50 GMT" time="4.799" errors="0">
  <testcase name="SubmitPage" time="4.799" classname="scenario1.LoginPage"/>
</testsuite> <!-- scenario1.LoginPage -->
