<?xml version="1.0" encoding="UTF-8"?>
<!-- Generated by org.testng.reporters.JUnitReportReporter -->
<testsuite skipped="0" hostname="LH7U05CG6422Q5G" name="scenario1.DirectoryPage" tests="2" failures="0" timestamp="28 Feb 2019 06:35:34 GMT" time="8.176" errors="0">
  <testcase name="Search" time="6.055" classname="scenario1.DirectoryPage"/>
  <testcase name="Reset" time="2.121" classname="scenario1.DirectoryPage"/>
</testsuite> <!-- scenario1.DirectoryPage -->
