<?xml version="1.0" encoding="UTF-8"?>
<!-- Generated by org.testng.reporters.JUnitReportReporter -->
<testsuite skipped="0" hostname="LHTU05CG8340ZJD" name="question3.Question3" tests="1" failures="0" timestamp="18 May 2019 07:32:34 GMT" time="0.033" errors="0">
  <testcase name="test" time="0.033" classname="question3.Question3"/>
</testsuite> <!-- question3.Question3 -->
